<?xml version="1.0" encoding="UTF-8"?>
<testng-results skipped="0" failed="0" total="1" passed="1">
  <reporter-output>
  </reporter-output>
  <suite name="Default suite" duration-ms="17928" started-at="2017-02-15T16:13:13Z" finished-at="2017-02-15T16:13:31Z">
    <groups>
    </groups>
    <test name="Default test" duration-ms="17928" started-at="2017-02-15T16:13:13Z" finished-at="2017-02-15T16:13:31Z">
      <class name="infi.mediinfi.testscripts.TC001_testSearchTest">
        <test-method status="PASS" signature="setUP()[pri:0, instance:infi.mediinfi.testscripts.TC001_testSearchTest@1e88b3c]" name="setUP" is-config="true" duration-ms="8657" started-at="2017-02-15T21:43:14Z" finished-at="2017-02-15T21:43:22Z">
          <reporter-output>
          </reporter-output>
        </test-method> <!-- setUP -->
        <test-method status="PASS" signature="testSearch()[pri:0, instance:infi.mediinfi.testscripts.TC001_testSearchTest@1e88b3c]" name="testSearch" duration-ms="7296" started-at="2017-02-15T21:43:22Z" finished-at="2017-02-15T21:43:29Z">
          <reporter-output>
          </reporter-output>
        </test-method> <!-- testSearch -->
        <test-method status="PASS" signature="closeBrowser()[pri:0, instance:infi.mediinfi.testscripts.TC001_testSearchTest@1e88b3c]" name="closeBrowser" is-config="true" duration-ms="1934" started-at="2017-02-15T21:43:29Z" finished-at="2017-02-15T21:43:31Z">
          <reporter-output>
          </reporter-output>
        </test-method> <!-- closeBrowser -->
      </class> <!-- infi.mediinfi.testscripts.TC001_testSearchTest -->
    </test> <!-- Default test -->
  </suite> <!-- Default suite -->
</testng-results>
